<?xml version="1.0" encoding="UTF-8"?>
<!-- Generated by org.testng.reporters.JUnitReportReporter -->
<testsuite hostname="DESKTOP-INN2MDM" failures="0" tests="1" name="selenum.seleniumDemo.LoginTest" time="29.655" errors="0" timestamp="2025-04-15T15:29:10 IST" skipped="0">
  <testcase classname="selenum.seleniumDemo.LoginTest" name="loginTest" time="29.655"/>
</testsuite> <!-- selenum.seleniumDemo.LoginTest -->
